# JRE version: Java(TM) SE Runtime Environment (17.0.3.1+2) (build 17.0.3.1+2-LTS-6)
# Java VM: Java HotSpot(TM) 64-Bit Server VM (17.0.3.1+2-LTS-6, mixed mode, sharing, tiered, compressed oops, compressed class ptrs, g1 gc, bsd-aarch64)
Heap:
 garbage-first heap   total 87040K, used 58960K [0x0000000780000000, 0x0000000800000000)
  region size 1024K, 8 young (8192K), 1 survivors (1024K)
 Metaspace       used 30949K, committed 31296K, reserved 1081344K
  class space    used 3877K, committed 4032K, reserved 1048576K
GC Heap History (20 events):
Event: 1.839 GC heap before
{Heap before GC invocations=0 (full 0):
 garbage-first heap   total 133120K, used 23520K [0x0000000780000000, 0x0000000800000000)
  region size 1024K, 23 young (23552K), 0 survivors (0K)
 Metaspace       used 11555K, committed 11776K, reserved 1064960K
  class space    used 1373K, committed 1472K, reserved 1048576K
}
Event: 1.842 GC heap after
{Heap after GC invocations=1 (full 0):
 garbage-first heap   total 133120K, used 4905K [0x0000000780000000, 0x0000000800000000)
  region size 1024K, 3 young (3072K), 3 survivors (3072K)
 Metaspace       used 11555K, committed 11776K, reserved 1064960K
  class space    used 1373K, committed 1472K, reserved 1048576K
}
Event: 2.807 GC heap before
{Heap before GC invocations=1 (full 0):
 garbage-first heap   total 133120K, used 25385K [0x0000000780000000, 0x0000000800000000)
  region size 1024K, 25 young (25600K), 3 survivors (3072K)
 Metaspace       used 21272K, committed 21504K, reserved 1073152K
  class space    used 2568K, committed 2688K, reserved 1048576K
}
Event: 2.813 GC heap after
{Heap after GC invocations=2 (full 0):
 garbage-first heap   total 133120K, used 8502K [0x0000000780000000, 0x0000000800000000)
  region size 1024K, 4 young (4096K), 4 survivors (4096K)
 Metaspace       used 21272K, committed 21504K, reserved 1073152K
  class space    used 2568K, committed 2688K, reserved 1048576K
}
Event: 4.900 GC heap before
{Heap before GC invocations=3 (full 0):
 garbage-first heap   total 37888K, used 24886K [0x0000000780000000, 0x0000000800000000)
  region size 1024K, 21 young (21504K), 4 survivors (4096K)
 Metaspace       used 25150K, committed 25472K, reserved 1073152K
  class space    used 3063K, committed 3200K, reserved 1048576K
}
Event: 4.903 GC heap after
{Heap after GC invocations=4 (full 0):
 garbage-first heap   total 37888K, used 11639K [0x0000000780000000, 0x0000000800000000)
  region size 1024K, 3 young (3072K), 3 survivors (3072K)
 Metaspace       used 25150K, committed 25472K, reserved 1073152K
  class space    used 3063K, committed 3200K, reserved 1048576K
}
Event: 5.606 GC heap before
{Heap before GC invocations=4 (full 0):
 garbage-first heap   total 37888K, used 12663K [0x0000000780000000, 0x0000000800000000)
  region size 1024K, 4 young (4096K), 3 survivors (3072K)
 Metaspace       used 25751K, committed 25984K, reserved 1073152K
  class space    used 3139K, committed 3264K, reserved 1048576K
}
Event: 5.609 GC heap after
{Heap after GC invocations=5 (full 0):
 garbage-first heap   total 37888K, used 12559K [0x0000000780000000, 0x0000000800000000)
  region size 1024K, 1 young (1024K), 1 survivors (1024K)
 Metaspace       used 25751K, committed 25984K, reserved 1073152K
  class space    used 3139K, committed 3264K, reserved 1048576K
}
Event: 16.444 GC heap before
{Heap before GC invocations=5 (full 0):
 garbage-first heap   total 37888K, used 22799K [0x0000000780000000, 0x0000000800000000)
  region size 1024K, 12 young (12288K), 1 survivors (1024K)
 Metaspace       used 26915K, committed 27136K, reserved 1073152K
  class space    used 3271K, committed 3392K, reserved 1048576K
}
Event: 16.450 GC heap after
{Heap after GC invocations=6 (full 0):
 garbage-first heap   total 37888K, used 14072K [0x0000000780000000, 0x0000000800000000)
  region size 1024K, 2 young (2048K), 2 survivors (2048K)
 Metaspace       used 26915K, committed 27136K, reserved 1073152K
  class space    used 3271K, committed 3392K, reserved 1048576K
}
Event: 17.457 GC heap before
{Heap before GC invocations=6 (full 0):
 garbage-first heap   total 37888K, used 23288K [0x0000000780000000, 0x0000000800000000)
  region size 1024K, 12 young (12288K), 2 survivors (2048K)
 Metaspace       used 28087K, committed 28416K, reserved 1081344K
  class space    used 3492K, committed 3648K, reserved 1048576K
}
Event: 17.458 GC heap after
{Heap after GC invocations=7 (full 0):
 garbage-first heap   total 37888K, used 14427K [0x0000000780000000, 0x0000000800000000)
  region size 1024K, 1 young (1024K), 1 survivors (1024K)
 Metaspace       used 28087K, committed 28416K, reserved 1081344K
  class space    used 3492K, committed 3648K, reserved 1048576K
}
Event: 17.571 GC heap before
{Heap before GC invocations=7 (full 0):
 garbage-first heap   total 37888K, used 20571K [0x0000000780000000, 0x0000000800000000)
  region size 1024K, 8 young (8192K), 1 survivors (1024K)
 Metaspace       used 29857K, committed 30144K, reserved 1081344K
  class space    used 3778K, committed 3904K, reserved 1048576K
}
Event: 17.572 GC heap after
{Heap after GC invocations=8 (full 0):
 garbage-first heap   total 37888K, used 14828K [0x0000000780000000, 0x0000000800000000)
  region size 1024K, 1 young (1024K), 1 survivors (1024K)
 Metaspace       used 29857K, committed 30144K, reserved 1081344K
  class space    used 3778K, committed 3904K, reserved 1048576K
}
Event: 17.574 GC heap before
{Heap before GC invocations=8 (full 0):
 garbage-first heap   total 53248K, used 32236K [0x0000000780000000, 0x0000000800000000)
  region size 1024K, 2 young (2048K), 1 survivors (1024K)
 Metaspace       used 29886K, committed 30144K, reserved 1081344K
  class space    used 3781K, committed 3904K, reserved 1048576K
}
Event: 17.575 GC heap after
{Heap after GC invocations=9 (full 0):
 garbage-first heap   total 53248K, used 32221K [0x0000000780000000, 0x0000000800000000)
  region size 1024K, 1 young (1024K), 1 survivors (1024K)
 Metaspace       used 29886K, committed 30144K, reserved 1081344K
  class space    used 3781K, committed 3904K, reserved 1048576K
}
Event: 17.912 GC heap before
{Heap before GC invocations=10 (full 0):
 garbage-first heap   total 87040K, used 57821K [0x0000000780000000, 0x0000000800000000)
  region size 1024K, 10 young (10240K), 1 survivors (1024K)
 Metaspace       used 30645K, committed 30976K, reserved 1081344K
  class space    used 3867K, committed 4032K, reserved 1048576K
}
Event: 17.913 GC heap after
{Heap after GC invocations=11 (full 0):
 garbage-first heap   total 87040K, used 52503K [0x0000000780000000, 0x0000000800000000)
  region size 1024K, 2 young (2048K), 2 survivors (2048K)
 Metaspace       used 30645K, committed 30976K, reserved 1081344K
  class space    used 3867K, committed 4032K, reserved 1048576K
}
Event: 17.940 GC heap before
{Heap before GC invocations=11 (full 0):
 garbage-first heap   total 87040K, used 53527K [0x0000000780000000, 0x0000000800000000)
  region size 1024K, 4 young (4096K), 2 survivors (2048K)
 Metaspace       used 30669K, committed 30976K, reserved 1081344K
  class space    used 3867K, committed 4032K, reserved 1048576K
}
Event: 17.945 GC heap after
{Heap after GC invocations=12 (full 0):
 garbage-first heap   total 87040K, used 52773K [0x0000000780000000, 0x0000000800000000)
  region size 1024K, 1 young (1024K), 1 survivors (1024K)
 Metaspace       used 30669K, committed 30976K, reserved 1081344K
  class space    used 3867K, committed 4032K, reserved 1048576K
}

