# JRE version: Java(TM) SE Runtime Environment (17.0.3.1+2) (build 17.0.3.1+2-LTS-6)
# Java VM: Java HotSpot(TM) 64-Bit Server VM (17.0.3.1+2-LTS-6, mixed mode, sharing, tiered, compressed oops, compressed class ptrs, g1 gc, bsd-aarch64)
Heap:
 garbage-first heap   total 156672K, used 91137K [0x0000000780000000, 0x0000000800000000)
  region size 1024K, 13 young (13312K), 5 survivors (5120K)
 Metaspace       used 33012K, committed 33472K, reserved 1081344K
  class space    used 4119K, committed 4352K, reserved 1048576K
GC Heap History (20 events):
Event: 4.324 GC heap before
{Heap before GC invocations=4 (full 0):
 garbage-first heap   total 37888K, used 12277K [0x0000000780000000, 0x0000000800000000)
  region size 1024K, 4 young (4096K), 3 survivors (3072K)
 Metaspace       used 24255K, committed 24448K, reserved 1073152K
  class space    used 2964K, committed 3072K, reserved 1048576K
}
Event: 4.327 GC heap after
{Heap after GC invocations=5 (full 0):
 garbage-first heap   total 37888K, used 11556K [0x0000000780000000, 0x0000000800000000)
  region size 1024K, 1 young (1024K), 1 survivors (1024K)
 Metaspace       used 24255K, committed 24448K, reserved 1073152K
  class space    used 2964K, committed 3072K, reserved 1048576K
}
Event: 6.282 GC heap before
{Heap before GC invocations=5 (full 0):
 garbage-first heap   total 37888K, used 23844K [0x0000000780000000, 0x0000000800000000)
  region size 1024K, 13 young (13312K), 1 survivors (1024K)
 Metaspace       used 24419K, committed 24640K, reserved 1073152K
  class space    used 2967K, committed 3072K, reserved 1048576K
}
Event: 6.291 GC heap after
{Heap after GC invocations=6 (full 0):
 garbage-first heap   total 37888K, used 11420K [0x0000000780000000, 0x0000000800000000)
  region size 1024K, 1 young (1024K), 1 survivors (1024K)
 Metaspace       used 24419K, committed 24640K, reserved 1073152K
  class space    used 2967K, committed 3072K, reserved 1048576K
}
Event: 8.641 GC heap before
{Heap before GC invocations=6 (full 0):
 garbage-first heap   total 37888K, used 25756K [0x0000000780000000, 0x0000000800000000)
  region size 1024K, 15 young (15360K), 1 survivors (1024K)
 Metaspace       used 24552K, committed 24832K, reserved 1073152K
  class space    used 2969K, committed 3072K, reserved 1048576K
}
Event: 8.642 GC heap after
{Heap after GC invocations=7 (full 0):
 garbage-first heap   total 37888K, used 11403K [0x0000000780000000, 0x0000000800000000)
  region size 1024K, 1 young (1024K), 1 survivors (1024K)
 Metaspace       used 24552K, committed 24832K, reserved 1073152K
  class space    used 2969K, committed 3072K, reserved 1048576K
}
Event: 71.863 GC heap before
{Heap before GC invocations=7 (full 0):
 garbage-first heap   total 37888K, used 26763K [0x0000000780000000, 0x0000000800000000)
  region size 1024K, 16 young (16384K), 1 survivors (1024K)
 Metaspace       used 27398K, committed 27776K, reserved 1073152K
  class space    used 3298K, committed 3456K, reserved 1048576K
}
Event: 71.874 GC heap after
{Heap after GC invocations=8 (full 0):
 garbage-first heap   total 37888K, used 13042K [0x0000000780000000, 0x0000000800000000)
  region size 1024K, 2 young (2048K), 2 survivors (2048K)
 Metaspace       used 27398K, committed 27776K, reserved 1073152K
  class space    used 3298K, committed 3456K, reserved 1048576K
}
Event: 73.926 GC heap before
{Heap before GC invocations=8 (full 0):
 garbage-first heap   total 37888K, used 26354K [0x0000000780000000, 0x0000000800000000)
  region size 1024K, 15 young (15360K), 2 survivors (2048K)
 Metaspace       used 29244K, committed 29632K, reserved 1081344K
  class space    used 3607K, committed 3776K, reserved 1048576K
}
Event: 73.930 GC heap after
{Heap after GC invocations=9 (full 0):
 garbage-first heap   total 37888K, used 13425K [0x0000000780000000, 0x0000000800000000)
  region size 1024K, 1 young (1024K), 1 survivors (1024K)
 Metaspace       used 29244K, committed 29632K, reserved 1081344K
  class space    used 3607K, committed 3776K, reserved 1048576K
}
Event: 73.952 GC heap before
{Heap before GC invocations=9 (full 0):
 garbage-first heap   total 37888K, used 15473K [0x0000000780000000, 0x0000000800000000)
  region size 1024K, 4 young (4096K), 1 survivors (1024K)
 Metaspace       used 29764K, committed 30144K, reserved 1081344K
  class space    used 3717K, committed 3904K, reserved 1048576K
}
Event: 73.952 GC heap after
{Heap after GC invocations=10 (full 0):
 garbage-first heap   total 37888K, used 13497K [0x0000000780000000, 0x0000000800000000)
  region size 1024K, 1 young (1024K), 1 survivors (1024K)
 Metaspace       used 29764K, committed 30144K, reserved 1081344K
  class space    used 3717K, committed 3904K, reserved 1048576K
}
Event: 73.966 GC heap before
{Heap before GC invocations=10 (full 0):
 garbage-first heap   total 50176K, used 44217K [0x0000000780000000, 0x0000000800000000)
  region size 1024K, 2 young (2048K), 1 survivors (1024K)
 Metaspace       used 29983K, committed 30336K, reserved 1081344K
  class space    used 3742K, committed 3904K, reserved 1048576K
}
Event: 73.967 GC heap after
{Heap after GC invocations=11 (full 0):
 garbage-first heap   total 50176K, used 44283K [0x0000000780000000, 0x0000000800000000)
  region size 1024K, 1 young (1024K), 1 survivors (1024K)
 Metaspace       used 29983K, committed 30336K, reserved 1081344K
  class space    used 3742K, committed 3904K, reserved 1048576K
}
Event: 74.043 GC heap before
{Heap before GC invocations=12 (full 0):
 garbage-first heap   total 130048K, used 75003K [0x0000000780000000, 0x0000000800000000)
  region size 1024K, 2 young (2048K), 1 survivors (1024K)
 Metaspace       used 30170K, committed 30464K, reserved 1081344K
  class space    used 3772K, committed 3904K, reserved 1048576K
}
Event: 74.045 GC heap after
{Heap after GC invocations=13 (full 0):
 garbage-first heap   total 156672K, used 75418K [0x0000000780000000, 0x0000000800000000)
  region size 1024K, 1 young (1024K), 1 survivors (1024K)
 Metaspace       used 30170K, committed 30464K, reserved 1081344K
  class space    used 3772K, committed 3904K, reserved 1048576K
}
Event: 75.228 GC heap before
{Heap before GC invocations=13 (full 0):
 garbage-first heap   total 156672K, used 80538K [0x0000000780000000, 0x0000000800000000)
  region size 1024K, 7 young (7168K), 1 survivors (1024K)
 Metaspace       used 30890K, committed 31232K, reserved 1081344K
  class space    used 3859K, committed 4032K, reserved 1048576K
}
Event: 75.231 GC heap after
{Heap after GC invocations=14 (full 0):
 garbage-first heap   total 156672K, used 76685K [0x0000000780000000, 0x0000000800000000)
  region size 1024K, 1 young (1024K), 1 survivors (1024K)
 Metaspace       used 30890K, committed 31232K, reserved 1081344K
  class space    used 3859K, committed 4032K, reserved 1048576K
}
Event: 77.012 GC heap before
{Heap before GC invocations=14 (full 0):
 garbage-first heap   total 156672K, used 92045K [0x0000000780000000, 0x0000000800000000)
  region size 1024K, 18 young (18432K), 1 survivors (1024K)
 Metaspace       used 31961K, committed 32256K, reserved 1081344K
  class space    used 3962K, committed 4096K, reserved 1048576K
}
Event: 77.017 GC heap after
{Heap after GC invocations=15 (full 0):
 garbage-first heap   total 156672K, used 81327K [0x0000000780000000, 0x0000000800000000)
  region size 1024K, 5 young (5120K), 5 survivors (5120K)
 Metaspace       used 31961K, committed 32256K, reserved 1081344K
  class space    used 3962K, committed 4096K, reserved 1048576K
}

