# JRE version: Java(TM) SE Runtime Environment (17.0.3.1+2) (build 17.0.3.1+2-LTS-6)
# Java VM: Java HotSpot(TM) 64-Bit Server VM (17.0.3.1+2-LTS-6, mixed mode, sharing, tiered, compressed oops, compressed class ptrs, g1 gc, bsd-aarch64)
Heap:
 garbage-first heap   total 102400K, used 63406K [0x0000000780000000, 0x0000000800000000)
  region size 1024K, 5 young (5120K), 1 survivors (1024K)
 Metaspace       used 30963K, committed 31232K, reserved 1081344K
  class space    used 3883K, committed 4032K, reserved 1048576K
GC Heap History (20 events):
Event: 7.295 GC heap before
{Heap before GC invocations=3 (full 0):
 garbage-first heap   total 40960K, used 27300K [0x0000000780000000, 0x0000000800000000)
  region size 1024K, 23 young (23552K), 4 survivors (4096K)
 Metaspace       used 25893K, committed 26112K, reserved 1073152K
  class space    used 3140K, committed 3264K, reserved 1048576K
}
Event: 7.308 GC heap after
{Heap after GC invocations=4 (full 0):
 garbage-first heap   total 40960K, used 12300K [0x0000000780000000, 0x0000000800000000)
  region size 1024K, 3 young (3072K), 3 survivors (3072K)
 Metaspace       used 25893K, committed 26112K, reserved 1073152K
  class space    used 3140K, committed 3264K, reserved 1048576K
}
Event: 8.747 GC heap before
{Heap before GC invocations=4 (full 0):
 garbage-first heap   total 40960K, used 13324K [0x0000000780000000, 0x0000000800000000)
  region size 1024K, 4 young (4096K), 3 survivors (3072K)
 Metaspace       used 26237K, committed 26560K, reserved 1073152K
  class space    used 3183K, committed 3328K, reserved 1048576K
}
Event: 8.749 GC heap after
{Heap after GC invocations=5 (full 0):
 garbage-first heap   total 40960K, used 13262K [0x0000000780000000, 0x0000000800000000)
  region size 1024K, 1 young (1024K), 1 survivors (1024K)
 Metaspace       used 26237K, committed 26560K, reserved 1073152K
  class space    used 3183K, committed 3328K, reserved 1048576K
}
Event: 19.452 GC heap before
{Heap before GC invocations=5 (full 0):
 garbage-first heap   total 40960K, used 24526K [0x0000000780000000, 0x0000000800000000)
  region size 1024K, 13 young (13312K), 1 survivors (1024K)
 Metaspace       used 27013K, committed 27264K, reserved 1073152K
  class space    used 3277K, committed 3392K, reserved 1048576K
}
Event: 19.459 GC heap after
{Heap after GC invocations=6 (full 0):
 garbage-first heap   total 40960K, used 19058K [0x0000000780000000, 0x0000000800000000)
  region size 1024K, 2 young (2048K), 2 survivors (2048K)
 Metaspace       used 27013K, committed 27264K, reserved 1073152K
  class space    used 3277K, committed 3392K, reserved 1048576K
}
Event: 34.321 GC heap before
{Heap before GC invocations=6 (full 0):
 garbage-first heap   total 40960K, used 26226K [0x0000000780000000, 0x0000000800000000)
  region size 1024K, 9 young (9216K), 2 survivors (2048K)
 Metaspace       used 27194K, committed 27520K, reserved 1073152K
  class space    used 3289K, committed 3456K, reserved 1048576K
}
Event: 34.323 GC heap after
{Heap after GC invocations=7 (full 0):
 garbage-first heap   total 40960K, used 19778K [0x0000000780000000, 0x0000000800000000)
  region size 1024K, 1 young (1024K), 1 survivors (1024K)
 Metaspace       used 27194K, committed 27520K, reserved 1073152K
  class space    used 3289K, committed 3456K, reserved 1048576K
}
Event: 34.926 GC heap before
{Heap before GC invocations=7 (full 0):
 garbage-first heap   total 40960K, used 25922K [0x0000000780000000, 0x0000000800000000)
  region size 1024K, 8 young (8192K), 1 survivors (1024K)
 Metaspace       used 28016K, committed 28288K, reserved 1081344K
  class space    used 3444K, committed 3584K, reserved 1048576K
}
Event: 34.930 GC heap after
{Heap after GC invocations=8 (full 0):
 garbage-first heap   total 40960K, used 20036K [0x0000000780000000, 0x0000000800000000)
  region size 1024K, 1 young (1024K), 1 survivors (1024K)
 Metaspace       used 28016K, committed 28288K, reserved 1081344K
  class space    used 3444K, committed 3584K, reserved 1048576K
}
Event: 35.070 GC heap before
{Heap before GC invocations=9 (full 0):
 garbage-first heap   total 40960K, used 26180K [0x0000000780000000, 0x0000000800000000)
  region size 1024K, 8 young (8192K), 1 survivors (1024K)
 Metaspace       used 29970K, committed 30336K, reserved 1081344K
  class space    used 3777K, committed 3968K, reserved 1048576K
}
Event: 35.071 GC heap after
{Heap after GC invocations=10 (full 0):
 garbage-first heap   total 40960K, used 20460K [0x0000000780000000, 0x0000000800000000)
  region size 1024K, 1 young (1024K), 1 survivors (1024K)
 Metaspace       used 29970K, committed 30336K, reserved 1081344K
  class space    used 3777K, committed 3968K, reserved 1048576K
}
Event: 35.148 GC heap before
{Heap before GC invocations=10 (full 0):
 garbage-first heap   total 40960K, used 20460K [0x0000000780000000, 0x0000000800000000)
  region size 1024K, 3 young (3072K), 1 survivors (1024K)
 Metaspace       used 30369K, committed 30784K, reserved 1081344K
  class space    used 3828K, committed 4032K, reserved 1048576K
}
Event: 35.149 GC heap after
{Heap after GC invocations=11 (full 0):
 garbage-first heap   total 40960K, used 20500K [0x0000000780000000, 0x0000000800000000)
  region size 1024K, 1 young (1024K), 1 survivors (1024K)
 Metaspace       used 30369K, committed 30784K, reserved 1081344K
  class space    used 3828K, committed 4032K, reserved 1048576K
}
Event: 35.434 GC heap before
{Heap before GC invocations=12 (full 0):
 garbage-first heap   total 68608K, used 61460K [0x0000000780000000, 0x0000000800000000)
  region size 1024K, 9 young (9216K), 1 survivors (1024K)
 Metaspace       used 30786K, committed 31104K, reserved 1081344K
  class space    used 3874K, committed 4032K, reserved 1048576K
}
Event: 35.436 GC heap after
{Heap after GC invocations=13 (full 0):
 garbage-first heap   total 68608K, used 58143K [0x0000000780000000, 0x0000000800000000)
  region size 1024K, 2 young (2048K), 2 survivors (2048K)
 Metaspace       used 30786K, committed 31104K, reserved 1081344K
  class space    used 3874K, committed 4032K, reserved 1048576K
}
Event: 35.451 GC heap before
{Heap before GC invocations=13 (full 0):
 garbage-first heap   total 68608K, used 58143K [0x0000000780000000, 0x0000000800000000)
  region size 1024K, 3 young (3072K), 2 survivors (2048K)
 Metaspace       used 30791K, committed 31168K, reserved 1081344K
  class space    used 3874K, committed 4032K, reserved 1048576K
}
Event: 35.453 GC heap after
{Heap after GC invocations=14 (full 0):
 garbage-first heap   total 68608K, used 58561K [0x0000000780000000, 0x0000000800000000)
  region size 1024K, 1 young (1024K), 1 survivors (1024K)
 Metaspace       used 30791K, committed 31168K, reserved 1081344K
  class space    used 3874K, committed 4032K, reserved 1048576K
}
Event: 35.491 GC heap before
{Heap before GC invocations=15 (full 0):
 garbage-first heap   total 102400K, used 59585K [0x0000000780000000, 0x0000000800000000)
  region size 1024K, 3 young (3072K), 1 survivors (1024K)
 Metaspace       used 30816K, committed 31168K, reserved 1081344K
  class space    used 3874K, committed 4032K, reserved 1048576K
}
Event: 35.491 GC heap after
{Heap after GC invocations=16 (full 0):
 garbage-first heap   total 102400K, used 59424K [0x0000000780000000, 0x0000000800000000)
  region size 1024K, 1 young (1024K), 1 survivors (1024K)
 Metaspace       used 30816K, committed 31168K, reserved 1081344K
  class space    used 3874K, committed 4032K, reserved 1048576K
}

