# JRE version: Java(TM) SE Runtime Environment (17.0.3.1+2) (build 17.0.3.1+2-LTS-6)
# Java VM: Java HotSpot(TM) 64-Bit Server VM (17.0.3.1+2-LTS-6, mixed mode, sharing, tiered, compressed oops, compressed class ptrs, g1 gc, bsd-aarch64)
Heap:
 garbage-first heap   total 260096K, used 107525K [0x0000000780000000, 0x0000000800000000)
  region size 1024K, 31 young (31744K), 1 survivors (1024K)
 Metaspace       used 32881K, committed 33344K, reserved 1081344K
  class space    used 4123K, committed 4352K, reserved 1048576K
GC Heap History (20 events):
Event: 2.035 GC heap before
{Heap before GC invocations=1 (full 0):
 garbage-first heap   total 133120K, used 26849K [0x0000000780000000, 0x0000000800000000)
  region size 1024K, 26 young (26624K), 3 survivors (3072K)
 Metaspace       used 21284K, committed 21504K, reserved 1073152K
  class space    used 2577K, committed 2688K, reserved 1048576K
}
Event: 2.037 GC heap after
{Heap after GC invocations=2 (full 0):
 garbage-first heap   total 133120K, used 8812K [0x0000000780000000, 0x0000000800000000)
  region size 1024K, 5 young (5120K), 5 survivors (5120K)
 Metaspace       used 21284K, committed 21504K, reserved 1073152K
  class space    used 2577K, committed 2688K, reserved 1048576K
}
Event: 2.950 GC heap before
{Heap before GC invocations=3 (full 0):
 garbage-first heap   total 37888K, used 25196K [0x0000000780000000, 0x0000000800000000)
  region size 1024K, 22 young (22528K), 5 survivors (5120K)
 Metaspace       used 24189K, committed 24448K, reserved 1073152K
  class space    used 2961K, committed 3072K, reserved 1048576K
}
Event: 2.953 GC heap after
{Heap after GC invocations=4 (full 0):
 garbage-first heap   total 37888K, used 11398K [0x0000000780000000, 0x0000000800000000)
  region size 1024K, 3 young (3072K), 3 survivors (3072K)
 Metaspace       used 24189K, committed 24448K, reserved 1073152K
  class space    used 2961K, committed 3072K, reserved 1048576K
}
Event: 3.079 GC heap before
{Heap before GC invocations=4 (full 0):
 garbage-first heap   total 37888K, used 12422K [0x0000000780000000, 0x0000000800000000)
  region size 1024K, 4 young (4096K), 3 survivors (3072K)
 Metaspace       used 24233K, committed 24448K, reserved 1073152K
  class space    used 2966K, committed 3072K, reserved 1048576K
}
Event: 3.081 GC heap after
{Heap after GC invocations=5 (full 0):
 garbage-first heap   total 37888K, used 11603K [0x0000000780000000, 0x0000000800000000)
  region size 1024K, 1 young (1024K), 1 survivors (1024K)
 Metaspace       used 24233K, committed 24448K, reserved 1073152K
  class space    used 2966K, committed 3072K, reserved 1048576K
}
Event: 5.016 GC heap before
{Heap before GC invocations=5 (full 0):
 garbage-first heap   total 37888K, used 23891K [0x0000000780000000, 0x0000000800000000)
  region size 1024K, 13 young (13312K), 1 survivors (1024K)
 Metaspace       used 24398K, committed 24640K, reserved 1073152K
  class space    used 2969K, committed 3072K, reserved 1048576K
}
Event: 5.017 GC heap after
{Heap after GC invocations=6 (full 0):
 garbage-first heap   total 37888K, used 11533K [0x0000000780000000, 0x0000000800000000)
  region size 1024K, 1 young (1024K), 1 survivors (1024K)
 Metaspace       used 24398K, committed 24640K, reserved 1073152K
  class space    used 2969K, committed 3072K, reserved 1048576K
}
Event: 7.309 GC heap before
{Heap before GC invocations=6 (full 0):
 garbage-first heap   total 37888K, used 25869K [0x0000000780000000, 0x0000000800000000)
  region size 1024K, 15 young (15360K), 1 survivors (1024K)
 Metaspace       used 24540K, committed 24704K, reserved 1073152K
  class space    used 2971K, committed 3072K, reserved 1048576K
}
Event: 7.311 GC heap after
{Heap after GC invocations=7 (full 0):
 garbage-first heap   total 37888K, used 11534K [0x0000000780000000, 0x0000000800000000)
  region size 1024K, 1 young (1024K), 1 survivors (1024K)
 Metaspace       used 24540K, committed 24704K, reserved 1073152K
  class space    used 2971K, committed 3072K, reserved 1048576K
}
Event: 18.630 GC heap before
{Heap before GC invocations=7 (full 0):
 garbage-first heap   total 37888K, used 25870K [0x0000000780000000, 0x0000000800000000)
  region size 1024K, 16 young (16384K), 1 survivors (1024K)
 Metaspace       used 27274K, committed 27584K, reserved 1073152K
  class space    used 3301K, committed 3456K, reserved 1048576K
}
Event: 18.635 GC heap after
{Heap after GC invocations=8 (full 0):
 garbage-first heap   total 37888K, used 13236K [0x0000000780000000, 0x0000000800000000)
  region size 1024K, 2 young (2048K), 2 survivors (2048K)
 Metaspace       used 27274K, committed 27584K, reserved 1073152K
  class space    used 3301K, committed 3456K, reserved 1048576K
}
Event: 19.408 GC heap before
{Heap before GC invocations=8 (full 0):
 garbage-first heap   total 37888K, used 26548K [0x0000000780000000, 0x0000000800000000)
  region size 1024K, 15 young (15360K), 2 survivors (2048K)
 Metaspace       used 29570K, committed 29952K, reserved 1081344K
  class space    used 3711K, committed 3904K, reserved 1048576K
}
Event: 19.410 GC heap after
{Heap after GC invocations=9 (full 0):
 garbage-first heap   total 37888K, used 13709K [0x0000000780000000, 0x0000000800000000)
  region size 1024K, 1 young (1024K), 1 survivors (1024K)
 Metaspace       used 29570K, committed 29952K, reserved 1081344K
  class space    used 3711K, committed 3904K, reserved 1048576K
}
Event: 19.411 GC heap before
{Heap before GC invocations=9 (full 0):
 garbage-first heap   total 37888K, used 13709K [0x0000000780000000, 0x0000000800000000)
  region size 1024K, 2 young (2048K), 1 survivors (1024K)
 Metaspace       used 29631K, committed 30016K, reserved 1081344K
  class space    used 3719K, committed 3904K, reserved 1048576K
}
Event: 19.412 GC heap after
{Heap after GC invocations=10 (full 0):
 garbage-first heap   total 37888K, used 13642K [0x0000000780000000, 0x0000000800000000)
  region size 1024K, 1 young (1024K), 1 survivors (1024K)
 Metaspace       used 29631K, committed 30016K, reserved 1081344K
  class space    used 3719K, committed 3904K, reserved 1048576K
}
Event: 19.416 GC heap before
{Heap before GC invocations=10 (full 0):
 garbage-first heap   total 53248K, used 44362K [0x0000000780000000, 0x0000000800000000)
  region size 1024K, 2 young (2048K), 1 survivors (1024K)
 Metaspace       used 29766K, committed 30080K, reserved 1081344K
  class space    used 3728K, committed 3904K, reserved 1048576K
}
Event: 19.417 GC heap after
{Heap after GC invocations=11 (full 0):
 garbage-first heap   total 53248K, used 44386K [0x0000000780000000, 0x0000000800000000)
  region size 1024K, 1 young (1024K), 1 survivors (1024K)
 Metaspace       used 29766K, committed 30080K, reserved 1081344K
  class space    used 3728K, committed 3904K, reserved 1048576K
}
Event: 19.459 GC heap before
{Heap before GC invocations=12 (full 0):
 garbage-first heap   total 130048K, used 76130K [0x0000000780000000, 0x0000000800000000)
  region size 1024K, 2 young (2048K), 1 survivors (1024K)
 Metaspace       used 30022K, committed 30336K, reserved 1081344K
  class space    used 3768K, committed 3904K, reserved 1048576K
}
Event: 19.461 GC heap after
{Heap after GC invocations=13 (full 0):
 garbage-first heap   total 260096K, used 75267K [0x0000000780000000, 0x0000000800000000)
  region size 1024K, 1 young (1024K), 1 survivors (1024K)
 Metaspace       used 30022K, committed 30336K, reserved 1081344K
  class space    used 3768K, committed 3904K, reserved 1048576K
}

